<?xml version="1.0" encoding="UTF-8"?>
<testng-results ignored="0" total="1" passed="1" failed="0" skipped="0">
  <reporter-output>
  </reporter-output>
  <suite started-at="2023-12-13T21:16:43 EET" name="Default suite" finished-at="2023-12-13T21:16:59 EET" duration-ms="15883">
    <groups>
    </groups>
    <test started-at="2023-12-13T21:16:43 EET" name="Default test" finished-at="2023-12-13T21:16:59 EET" duration-ms="15883">
      <class name="myTestcases">
        <test-method is-config="true" signature="TheSetUp()[pri:0, instance:myTestcases@3febb011]" started-at="2023-12-13T21:16:43 EET" name="TheSetUp" finished-at="2023-12-13T21:16:43 EET" duration-ms="7" status="PASS">
          <reporter-output>
          </reporter-output>
        </test-method> <!-- TheSetUp -->
        <test-method signature="TestTheBrowser()[pri:1, instance:myTestcases@3febb011]" started-at="2023-12-13T21:16:43 EET" name="TestTheBrowser" finished-at="2023-12-13T21:16:59 EET" duration-ms="15858" status="PASS">
          <reporter-output>
          </reporter-output>
        </test-method> <!-- TestTheBrowser -->
        <test-method is-config="true" signature="PostTesting()[pri:0, instance:myTestcases@3febb011]" started-at="2023-12-13T21:16:59 EET" name="PostTesting" finished-at="2023-12-13T21:16:59 EET" duration-ms="0" status="PASS">
          <reporter-output>
          </reporter-output>
        </test-method> <!-- PostTesting -->
      </class> <!-- myTestcases -->
    </test> <!-- Default test -->
  </suite> <!-- Default suite -->
</testng-results>
